0 info it worked if it ends with ok
1 verbose cli [ 'D:\\Programs inatll folder\\nodejs\\node.exe',
1 verbose cli   'D:\\Programs inatll folder\\nodejs\\node_modules\\npm\\bin\\npm-cli.js',
1 verbose cli   'start' ]
2 info using npm@3.10.10
3 info using node@v6.11.3
4 verbose run-script [ 'prestart', 'start', 'poststart' ]
5 info lifecycle git-test@1.0.0~prestart: git-test@1.0.0
6 silly lifecycle git-test@1.0.0~prestart: no script for prestart, continuing
7 info lifecycle git-test@1.0.0~start: git-test@1.0.0
8 verbose lifecycle git-test@1.0.0~start: unsafe-perm in lifecycle true
9 verbose lifecycle git-test@1.0.0~start: PATH: D:\Programs inatll folder\nodejs\node_modules\npm\bin\node-gyp-bin;C:\Users\Ganesh\Desktop\git-test\node_modules\.bin;C:\ProgramData\Oracle\Java\javapath;C:\Program Files (x86)\Intel\iCLS Client\;C:\Program Files\Intel\iCLS Client\;C:\windows\system32;C:\windows;C:\windows\System32\Wbem;C:\windows\System32\WindowsPowerShell\v1.0\;C:\Program Files (x86)\Intel\Intel(R) Management Engine Components\DAL;C:\Program Files\Intel\Intel(R) Management Engine Components\DAL;C:\Program Files (x86)\Intel\Intel(R) Management Engine Components\IPT;C:\Program Files\Intel\Intel(R) Management Engine Components\IPT;C:\Program Files (x86)\NVIDIA Corporation\PhysX\Common;c:\Program Files\Intel\WiFi\bin\;c:\Program Files\Common Files\Intel\WirelessCommon\;C:\Users\Ganesh\AppData\Local\Microsoft\WindowsApps;C:\Users\Ganesh\AppData\Local\atom\bin;C:\adb;C:\Program Files\Java\jdk1.8.0_131\bin;C:\Program Files\Java\jre1.8.0_131\bin;C:\Program Files\Microsoft SQL Server\130\Tools\Binn\;D:\Programs inatll folder\Git\cmd;D:\Programs inatll folder\nodejs\;C:\Users\Ganesh\AppData\Local\Microsoft\WindowsApps;C:\Users\Ganesh\AppData\Local\atom\bin;C:\Users\Ganesh\AppData\Roaming\npm
10 verbose lifecycle git-test@1.0.0~start: CWD: C:\Users\Ganesh\Desktop\git-test
11 silly lifecycle git-test@1.0.0~start: Args: [ '/d /s /c', 'npm run lite' ]
12 silly lifecycle git-test@1.0.0~start: Returned: code: 3221225786  signal: null
13 info lifecycle git-test@1.0.0~start: Failed to exec start script
14 verbose stack Error: git-test@1.0.0 start: `npm run lite`
14 verbose stack Exit status 3221225786
14 verbose stack     at EventEmitter.<anonymous> (D:\Programs inatll folder\nodejs\node_modules\npm\lib\utils\lifecycle.js:255:16)
14 verbose stack     at emitTwo (events.js:106:13)
14 verbose stack     at EventEmitter.emit (events.js:191:7)
14 verbose stack     at ChildProcess.<anonymous> (D:\Programs inatll folder\nodejs\node_modules\npm\lib\utils\spawn.js:40:14)
14 verbose stack     at emitTwo (events.js:106:13)
14 verbose stack     at ChildProcess.emit (events.js:191:7)
14 verbose stack     at maybeClose (internal/child_process.js:920:16)
14 verbose stack     at Process.ChildProcess._handle.onexit (internal/child_process.js:230:5)
15 verbose pkgid git-test@1.0.0
16 verbose cwd C:\Users\Ganesh\Desktop\git-test
17 error Windows_NT 10.0.14393
18 error argv "D:\\Programs inatll folder\\nodejs\\node.exe" "D:\\Programs inatll folder\\nodejs\\node_modules\\npm\\bin\\npm-cli.js" "start"
19 error node v6.11.3
20 error npm  v3.10.10
21 error code ELIFECYCLE
22 error git-test@1.0.0 start: `npm run lite`
22 error Exit status 3221225786
23 error Failed at the git-test@1.0.0 start script 'npm run lite'.
23 error Make sure you have the latest version of node.js and npm installed.
23 error If you do, this is most likely a problem with the git-test package,
23 error not with npm itself.
23 error Tell the author that this fails on your system:
23 error     npm run lite
23 error You can get information on how to open an issue for this project with:
23 error     npm bugs git-test
23 error Or if that isn't available, you can get their info via:
23 error     npm owner ls git-test
23 error There is likely additional logging output above.
24 verbose exit [ 1, true ]
